grinderPercentage|0.00|0.00|33.33|2013-02-27 22:21:44.643546grinderPercentage|0.00|0.00|66.67|2013-02-27 22:21:48.108559grinderPercentage|0.00|0.00|100.00|2013-02-27 22:21:49.874041grinderPercentage|0.00|0.00|33.33|2013-02-27 22:22:51.933030grinderPercentage|0.00|0.00|66.67|2013-02-27 22:22:56.397634grinderPercentage|0.00|0.00|100.00|2013-02-27 22:22:57.159431grinderPercentage|0.00|0.00|33.33|2013-02-27 22:24:48.499367grinderPercentage|0.00|0.00|66.67|2013-02-27 22:24:48.961917grinderPercentage|0.00|0.00|100.00|2013-02-27 22:24:50.022839grinderPercentage|0.00|0.00|33.33|2013-02-27 22:27:24.659073grinderPercentage|0.00|0.00|66.67|2013-02-27 22:27:25.117703grinderPercentage|0.00|0.00|100.00|2013-02-27 22:27:25.580809grinderPercentage|0.00|0.00|33.33|2013-02-27 22:29:57.746935grinderPercentage|0.00|0.00|66.67|2013-02-27 22:29:58.209782grinderPercentage|0.00|0.00|100.00|2013-02-27 22:29:58.668654readyToBrew|2013-02-27 22:29:58.930778tweetIt|2013-02-27 22:30:09.989398grinderPercentage|0.00|0.00|33.33|2013-02-27 22:32:57.256730grinderPercentage|0.00|0.00|66.67|2013-02-27 22:32:58.215396grinderPercentage|0.00|0.00|100.00|2013-02-27 22:32:59.177908readyToBrew|2013-02-27 22:32:59.440249tweetIt|2013-02-27 22:33:05.997315grinderPercentage|0.00|0.00|33.33|2013-02-27 22:37:58.837485grinderPercentage|0.00|33.33|33.33|2013-02-27 22:38:06.807701grinderPercentage|33.33|33.33|33.33|2013-02-27 22:38:08.671300readyToBrew|2013-02-27 22:38:08.933380tweetIt|2013-02-27 22:38:52.979577grinderPercentage|0.00|0.00|33.33|2013-02-27 22:48:43.664770grinderPercentage|0.00|0.00|66.67|2013-02-27 22:48:46.126308grinderPercentage|0.00|33.33|66.67|2013-02-27 22:48:48.092275readyToBrew|2013-02-27 22:48:48.354327tweetIt|2013-02-27 22:49:11.905272grinderPercentage|0.00|0.00|33.33|2013-02-27 22:55:09.913258grinderPercentage|0.00|0.00|66.67|2013-02-27 22:55:10.875716grinderPercentage|0.00|33.33|66.67|2013-02-27 22:55:24.948896readyToBrew|2013-02-27 22:55:25.210991tweetIt|2013-02-27 22:55:53.512915grinderPercentage|0.00|0.00|33.33|2013-02-27 22:57:10.681415grinderPercentage|0.00|33.33|33.33|2013-02-27 22:57:11.946968grinderPercentage|0.00|66.67|33.33|2013-02-27 22:57:30.828544readyToBrew|2013-02-27 22:57:31.090756tweetIt|2013-02-27 22:58:16.885753grinderPercentage|33|2012-01-01 
GrinderTesting|0|0 
grinderPercentage|0.00|0.00|33.33|2013-02-28 11:13:22.033928 
grinderPercentage|0.00|0.00|33.33|2013-02-28 11:15:02.966335 
grinderPercentage|0.00|33.33|33.33|2013-02-28 11:15:05.030593 
grinderPercentage|0.00|66.67|33.33|2013-02-28 11:15:05.493382 
grinderPercentage|0.00|0.00|25.00|2013-02-28 11:20:48.654278 
grinderPercentage|0.00|0.00|50.00|2013-02-28 11:20:50.214987 
grinderPercentage|0.00|0.00|75.00|2013-02-28 11:20:52.475750 
grinderPercentage|0.00|0.00|100.00|2013-02-28 11:20:54.339151 
grinderPercentage|0.00|0.00|25.00|2013-02-28 11:22:13.433156 
grinderPercentage|0.00|25.00|25.00|2013-02-28 11:22:16.496753 
grinderPercentage|0.00|0.00|25.00|2013-02-28 11:24:07.250903 
grinderPercentage|0.00|25.00|25.00|2013-02-28 11:24:30.834353 
grinderPercentage|25.00|25.00|25.00|2013-02-28 11:24:38.407617 
grinderPercentage|0.00|0.00|25.00|2013-02-28 11:27:04.123666 
grinderPercentage|0.00|0.00|25.00|2013-02-28 11:28:33.383032 
grinderPercentage|0.00|25.00|25.00|2013-02-28 11:28:54.365675 
grinderPercentage|25.00|25.00|25.00|2013-02-28 11:28:57.732362 
grinderPercentage|50.00|25.00|25.00|2013-02-28 11:28:59.796455 
grinderPercentage|0.00|0.00|25.00|2013-02-28 11:42:31.618599 
grinderPercentage|0.00|25.00|25.00|2013-02-28 11:42:35.083498 
grinderPercentage|25.00|25.00|25.00|2013-02-28 11:42:37.946546 
grinderPercentage|50.00|25.00|25.00|2013-02-28 11:42:39.310532 
grinderPercentage|0.00|0.00|25.00|2013-02-28 11:47:22.189882 
grinderPercentage|0.00|0.00|50.00|2013-02-28 11:47:28.657262 
grinderPercentage|0.00|0.00|75.00|2013-02-28 11:47:30.819700 
grinderPercentage|0.00|25.00|75.00|2013-02-28 11:47:32.281828 
tweetIt|2013-02-28 11:48:05.830489 
grinderPercentage|0|0|25|2013-02-28 11:49:48.716558 
grinderPercentage|0|50|25|2013-02-28 11:49:58.444207 
grinderPercentage|25|50|25|2013-02-28 11:50:06.877179 
grinderPercentage|0|0|35|2013-02-28 11:53:43.306734 
grinderPercentage|0|30|35|2013-02-28 11:53:56.044626 
grinderPercentage|35|30|35|2013-02-28 11:54:10.281701 
tweetIt|2013-02-28 11:54:59.074674 
grinderPercentage|0.00|0.00|25.00|2013-02-28 12:15:08.560617 
grinderPercentage|0.00|25.00|25.00|2013-02-28 12:15:19.435013 
grinderPercentage|25.00|25.00|25.00|2013-02-28 12:15:21.400762 
grinderPercentage|50.00|25.00|25.00|2013-02-28 12:15:22.461672 
tweetIt|2013-02-28 12:16:03.157591 
grinderPercentage|0|0|25|2013-02-28 12:21:45.437656 
grinderPercentage|0|50|25|2013-02-28 12:21:51.265705 
grinderPercentage|25|50|25|2013-02-28 12:21:54.992953 
tweetIt|2013-02-28 12:22:27.439896 
reset|2013-02-28 12:22:28.398294 
grinderPercentage|0|0|25|2013-02-28 12:25:07.547346 
grinderPercentage|0|50|25|2013-02-28 12:25:12.474659 
grinderPercentage|25|50|25|2013-02-28 12:25:15.001893 
tweetIt|2013-02-28 12:25:22.456003 
grinderPercentage|0.00|0.00|25.00|2013-02-28 12:33:40.236318 
grinderPercentage|0.00|0.00|50.00|2013-02-28 12:33:41.796824 
grinderPercentage|0.00|25.00|50.00|2013-02-28 12:33:43.357432 
grinderPercentage|25.00|25.00|50.00|2013-02-28 12:33:44.520638 
tweetIt|2013-02-28 12:46:28.260424 
reset|2013-02-28 12:46:30.517565 
grinderPercentage|0.00|0.00|25.00|2013-02-28 12:47:25.982213 
grinderPercentage|0.00|25.00|25.00|2013-02-28 12:47:27.342036 
grinderPercentage|25.00|25.00|25.00|2013-02-28 12:47:29.406311 
grinderPercentage|50.00|25.00|25.00|2013-02-28 12:47:30.671814 
tweetIt|2013-02-28 12:50:14.331068 
reset|2013-02-28 12:50:16.088049 
grinderPercentage|0.00|0.00|25.00|2013-02-28 12:50:21.908152 
grinderPercentage|0.00|0.00|50.00|2013-02-28 12:50:23.071296 
grinderPercentage|0.00|25.00|50.00|2013-02-28 12:50:24.332916 
grinderPercentage|25.00|25.00|50.00|2013-02-28 12:50:25.897441 
tweetIt|2013-02-28 12:51:39.580738 
reset|2013-02-28 12:51:40.739963 
grinderPercentage|0.00|0.00|25.00|2013-02-28 12:51:47.157712 
grinderPercentage|0.00|0.00|50.00|2013-02-28 12:51:48.619835 
grinderPercentage|0.00|25.00|50.00|2013-02-28 12:51:49.783061 
grinderPercentage|25.00|25.00|50.00|2013-02-28 12:51:51.245253 
tweetIt|2013-02-28 12:51:57.450387 
reset|2013-02-28 12:51:59.207759 
grinderPercentage|25.00|0.00|0.00|2013-02-28 12:52:05.228451 
grinderPercentage|50.00|0.00|0.00|2013-02-28 12:52:06.489776 
grinderPercentage|75.00|0.00|0.00|2013-02-28 12:52:07.652885 
grinderPercentage|100.00|0.00|0.00|2013-02-28 12:52:08.713924 
tweetIt|2013-02-28 12:52:16.168289 
reset|2013-02-28 12:52:17.626286 
grinderPercentage|0.00|25.00|0.00|2013-02-28 12:52:44.269248 
grinderPercentage|0.00|25.00|25.00|2013-02-28 12:53:00.148567 
grinderPercentage|0.00|25.00|50.00|2013-02-28 12:53:39.451643 
grinderPercentage|0.00|25.00|75.00|2013-02-28 12:53:40.614812 
tweetIt|2013-02-28 12:57:17.506642 
reset|2013-02-28 12:57:18.866733 
grinderPercentage|0.00|0.00|25.00|2013-02-28 12:57:23.380261 
grinderPercentage|0.00|25.00|25.00|2013-02-28 12:57:24.743933 
grinderPercentage|0.00|50.00|25.00|2013-02-28 12:57:25.706506 
grinderPercentage|25.00|50.00|25.00|2013-02-28 12:57:27.271081 
tweetIt|2013-02-28 12:59:03.948144 
reset|2013-02-28 12:59:05.205253 
grinderPercentage|0.00|0.00|25.00|2013-02-28 13:01:01.648298 
grinderPercentage|0.00|0.00|50.00|2013-02-28 13:01:02.107061 
grinderPercentage|0.00|0.00|75.00|2013-02-28 13:01:02.569820 
grinderPercentage|0.00|0.00|100.00|2013-02-28 13:01:03.032447 
tweetIt|2013-02-28 13:01:06.735301 
reset|2013-02-28 13:01:08.095163 
grinderPercentage|0|0|25|2013-02-28 13:01:16.425913 
grinderPercentage|0|50|25|2013-02-28 13:01:21.054065 
grinderPercentage|25|50|25|2013-02-28 13:01:23.278016 
tweetIt|2013-02-28 13:05:33.161504 
reset|2013-02-28 13:05:34.119729 
grinderPercentage|0.00|0.00|25.00|2013-02-28 13:34:38.311388 
grinderPercentage|0.00|25.00|25.00|2013-02-28 13:34:59.498685 
grinderPercentage|0.00|50.00|25.00|2013-02-28 13:35:00.359010 
grinderPercentage|0.00|75.00|25.00|2013-02-28 13:35:01.423863 
tweetIt|2013-02-28 14:38:32.793415 
reset|2013-02-28 14:38:32.794337 
grinderPercentage|0.00|0.00|25.00|2013-02-28 14:38:32.794750 
grinderPercentage|0.00|0.00|50.00|2013-02-28 14:38:32.795698 
grinderPercentage|0.00|0.00|75.00|2013-02-28 14:38:32.796595 
grinderPercentage|0.00|0.00|100.00|2013-02-28 14:38:32.797828 
tweetIt|2013-02-28 14:38:35.800943 
reset|2013-02-28 14:38:35.802369 
grinderPercentage|0.00|0.00|25.00|2013-02-28 14:41:11.109030 
grinderPercentage|0.00|25.00|25.00|2013-02-28 14:41:23.084895 
grinderPercentage|25.00|25.00|25.00|2013-02-28 14:41:24.547104 
grinderPercentage|50.00|25.00|25.00|2013-02-28 14:41:26.910409 
tweetIt|2013-02-28 14:43:10.836801 
reset|2013-02-28 14:45:44.437339 
grinderPercentage|0.00|0.00|25.00|2013-02-28 14:46:11.080244 
grinderPercentage|0.00|25.00|25.00|2013-02-28 14:46:15.548472 
grinderPercentage|25.00|25.00|25.00|2013-02-28 14:46:19.312517 
grinderPercentage|25.00|25.00|50.00|2013-02-28 14:46:24.280721 
tweetIt|2013-02-28 14:52:16.387370 
reset|2013-02-28 14:52:18.447356 
grinderPercentage|0.00|0.00|25.00|2013-02-28 14:54:28.636010 
grinderPercentage|0.00|25.00|25.00|2013-02-28 14:54:30.696136 
grinderPercentage|0.00|50.00|25.00|2013-02-28 14:54:32.559685 
grinderPercentage|0.00|75.00|25.00|2013-02-28 14:54:34.324815 
tweetIt|2013-02-28 14:55:04.019327 
reset|2013-02-28 14:55:09.380722 
grinderPercentage|0.00|0.00|25.00|2013-02-28 16:06:05.269732 
grinderPercentage|0.00|25.00|25.00|2013-02-28 16:06:07.534668 
grinderPercentage|25.00|25.00|25.00|2013-02-28 16:06:09.197396 
grinderPercentage|50.00|25.00|25.00|2013-02-28 16:06:10.160376 
complete|2013-02-28 16:06:16.365079 
reset|2013-02-28 16:06:19.879375 
grinderPercentage|0.00|0.00|25.00|2013-02-28 16:08:17.563528 
grinderPercentage|0.00|25.00|25.00|2013-02-28 16:08:19.328595 
grinderPercentage|25.00|25.00|25.00|2013-02-28 16:08:20.590406 
grinderPercentage|25.00|50.00|25.00|2013-02-28 16:08:21.753542 
complete|2013-02-28 16:09:22.694533 
reset|2013-02-28 16:09:28.764893 
grinderPercentage|0.00|0.00|25.00|2013-02-28 16:10:29.939254 
grinderPercentage|0.00|25.00|25.00|2013-02-28 16:10:31.204596 
grinderPercentage|25.00|25.00|25.00|2013-02-28 16:10:32.367802 
grinderPercentage|50.00|25.00|25.00|2013-02-28 16:10:33.531057 
complete|2013-02-28 16:10:52.982083 
reset|2013-02-28 16:11:05.871500 
grinderPercentage|0.00|0.00|25.00|2013-02-28 16:12:35.847479 
grinderPercentage|0.00|25.00|25.00|2013-02-28 16:12:36.908359 
grinderPercentage|25.00|25.00|25.00|2013-02-28 16:12:38.071504 
grinderPercentage|50.00|25.00|25.00|2013-02-28 16:12:39.033989 
complete|2013-02-28 16:12:53.488138 
grinderPercentage|0.00|25.00|0.00|2013-02-28 16:15:08.403886 
grinderPercentage|25.00|25.00|0.00|2013-02-28 16:15:09.767567 
grinderPercentage|25.00|50.00|0.00|2013-02-28 16:15:10.730000 
grinderPercentage|50.00|50.00|0.00|2013-02-28 16:15:11.790833 
complete|2013-02-28 16:15:30.242405 
reset|2013-02-28 16:15:38.008100 
grinderPercentage|25|0|0|2013-02-28 16:17:26.742753 
grinderPercentage|25|50|0|2013-02-28 16:17:34.467348 
grinderPercentage|25|50|25|2013-02-28 16:17:55.810508 
complete|2013-02-28 16:21:10.712750 
reset|2013-02-28 16:21:15.574405 
grinderPercentage|0.00|25.00|0.00|2013-02-28 16:22:44.706960 
grinderPercentage|0.00|50.00|0.00|2013-02-28 16:22:45.165679 
grinderPercentage|0.00|75.00|0.00|2013-02-28 16:22:45.628470 
grinderPercentage|0.00|100.00|0.00|2013-02-28 16:22:46.091252 
complete|2013-02-28 16:23:49.277357 
reset|2013-02-28 16:23:51.038272 
grinderPercentage|0.00|0.00|25.00|2013-02-28 16:24:55.002520 
grinderPercentage|0.00|0.00|50.00|2013-02-28 16:24:55.461117 
grinderPercentage|0.00|0.00|75.00|2013-02-28 16:24:55.919892 
grinderPercentage|0.00|25.00|75.00|2013-02-28 16:24:56.984743 
complete|2013-02-28 16:25:12.184262 
reset|2013-02-28 16:27:03.847883 
grinderPercentage|0.00|25.00|0.00|2013-02-28 16:27:28.615357 
grinderPercentage|0.00|50.00|0.00|2013-02-28 16:27:29.077910 
grinderPercentage|0.00|75.00|0.00|2013-02-28 16:27:29.537878 
grinderPercentage|0.00|100.00|0.00|2013-02-28 16:27:29.999518 
complete|2013-02-28 16:28:45.186100 
reset|2013-02-28 16:28:48.843709 
grinderPercentage|0.00|0.00|25.00|2013-02-28 16:29:22.732232 
grinderPercentage|0.00|0.00|50.00|2013-02-28 16:29:24.091947 
grinderPercentage|0.00|25.00|50.00|2013-02-28 16:29:25.357552 
grinderPercentage|0.00|50.00|50.00|2013-02-28 16:29:26.119334 
grinderPercentage|0.00|0.00|25.00|2013-02-28 17:46:44.930603 
grinderPercentage|0.00|0.00|50.00|2013-02-28 17:46:45.491739 
grinderPercentage|0.00|0.00|75.00|2013-02-28 17:46:46.151384 
grinderPercentage|0.00|0.00|100.00|2013-02-28 17:46:46.614157 
complete|2013-02-28 17:46:51.819638 
reset|2013-02-28 17:46:54.178901 
grinderPercentage|0|0|25|2013-02-28 17:47:23.766879 
grinderPercentage|0|50|25|2013-02-28 17:47:47.706780 
grinderPercentage|25|50|25|2013-02-28 17:47:53.035306 
complete|2013-02-28 17:49:17.215912 
reset|2013-02-28 17:49:19.374368 
grinderPercentage|0.00|0.00|25.00|2013-02-28 17:49:44.047448 
grinderPercentage|0.00|25.00|25.00|2013-02-28 17:49:45.809458 
grinderPercentage|0.00|50.00|25.00|2013-02-28 17:49:46.271278 
grinderPercentage|25.00|50.00|25.00|2013-02-28 17:49:47.934168 
complete|2013-02-28 17:50:24.132815 
reset|2013-02-28 17:50:25.988511 
grinderPercentage|0|0|10|2013-02-28 17:51:06.081936 
grinderPercentage|0|40|10|2013-02-28 17:51:13.204324 
grinderPercentage|50|40|10|2013-02-28 17:51:20.625947 
complete|2013-02-28 17:52:48.808103 
reset|2013-02-28 17:52:50.765838 
grinderPercentage|0|100|0|2013-02-28 17:53:56.380330 
complete|2013-02-28 17:56:00.052319 
reset|2013-02-28 17:56:16.623805 
grinderPercentage|0.00|0.00|25.00|2013-02-28 17:58:47.147703 
grinderPercentage|0.00|0.00|50.00|2013-02-28 17:58:47.610454 
grinderPercentage|0.00|0.00|75.00|2013-02-28 17:58:48.069245 
grinderPercentage|0.00|0.00|100.00|2013-02-28 17:58:48.532034 
complete|2013-02-28 18:00:16.960080 
reset|2013-02-28 18:00:39.437732 
grinderPercentage|0|0|50|2013-02-28 18:14:43.942773 
grinderPercentage|50|0|50|2013-02-28 18:14:59.772771 
complete|2013-02-28 18:15:59.710697 
reset|2013-02-28 18:16:01.270867 
grinderPercentage|0|0|50|2013-02-28 18:17:45.336604 
grinderPercentage|50|0|50|2013-02-28 18:17:57.660647 
complete|2013-02-28 18:18:22.362313 
reset|2013-02-28 18:18:26.523785 
grinderPercentage|0.00|2.00|0.00|2013-03-01 14:47:45.809783 
grinderPercentage|2.00|2.00|0.00|2013-03-01 14:47:51.273630 
grinderPercentage|2.00|2.00|2.00|2013-03-01 14:47:54.836909 
grinderPercentage|4.00|2.00|2.00|2013-03-01 14:48:24.633594 
grinderPercentage|6.00|2.00|2.00|2013-03-01 14:48:25.092339 
grinderPercentage|8.00|2.00|2.00|2013-03-01 14:48:25.551097 
grinderPercentage|10.00|2.00|2.00|2013-03-01 14:48:26.009878 
grinderPercentage|12.00|2.00|2.00|2013-03-01 14:48:26.472682 
grinderPercentage|14.00|2.00|2.00|2013-03-01 14:48:26.931367 
grinderPercentage|16.00|2.00|2.00|2013-03-01 14:48:27.394157 
grinderPercentage|18.00|2.00|2.00|2013-03-01 14:48:27.852928 
grinderPercentage|20.00|2.00|2.00|2013-03-01 14:48:28.315697 
grinderPercentage|22.00|2.00|2.00|2013-03-01 14:48:32.980843 
grinderPercentage|24.00|2.00|2.00|2013-03-01 14:48:33.439559 
grinderPercentage|26.00|2.00|2.00|2013-03-01 14:48:33.898385 
grinderPercentage|28.00|2.00|2.00|2013-03-01 14:48:34.361081 
grinderPercentage|30.00|2.00|2.00|2013-03-01 14:48:34.819931 
grinderPercentage|32.00|2.00|2.00|2013-03-01 14:48:35.282699 
grinderPercentage|34.00|2.00|2.00|2013-03-01 14:48:35.741436 
grinderPercentage|36.00|2.00|2.00|2013-03-01 14:48:36.302517 
grinderPercentage|38.00|2.00|2.00|2013-03-01 14:48:36.765259 
grinderPercentage|40.00|2.00|2.00|2013-03-01 14:48:37.224057 
grinderPercentage|42.00|2.00|2.00|2013-03-01 14:48:37.682888 
grinderPercentage|44.00|2.00|2.00|2013-03-01 14:48:38.145575 
grinderPercentage|46.00|2.00|2.00|2013-03-01 14:48:38.604369 
grinderPercentage|46.00|4.00|2.00|2013-03-01 14:48:39.767550 
grinderPercentage|46.00|6.00|2.00|2013-03-01 14:48:40.226355 
grinderPercentage|46.00|8.00|2.00|2013-03-01 14:48:40.689076 
grinderPercentage|46.00|10.00|2.00|2013-03-01 14:48:41.147822 
grinderPercentage|46.00|12.00|2.00|2013-03-01 14:48:41.610711 
grinderPercentage|46.00|14.00|2.00|2013-03-01 14:48:55.888557 
grinderPercentage|46.00|16.00|2.00|2013-03-01 14:48:56.351342 
grinderPercentage|46.00|18.00|2.00|2013-03-01 14:48:56.810132 
grinderPercentage|46.00|20.00|2.00|2013-03-01 14:48:57.272938 
grinderPercentage|46.00|22.00|2.00|2013-03-01 14:48:57.735697 
grinderPercentage|46.00|24.00|2.00|2013-03-01 14:48:58.194424 
grinderPercentage|46.00|26.00|2.00|2013-03-01 14:48:58.657289 
grinderPercentage|46.00|28.00|2.00|2013-03-01 14:48:59.120106 
grinderPercentage|46.00|30.00|2.00|2013-03-01 14:48:59.582946 
grinderPercentage|46.00|32.00|2.00|2013-03-01 14:49:00.041692 
grinderPercentage|46.00|34.00|2.00|2013-03-01 14:49:00.504480 
grinderPercentage|46.00|36.00|2.00|2013-03-01 14:49:00.967269 
grinderPercentage|46.00|36.00|4.00|2013-03-01 14:49:01.729051 
grinderPercentage|46.00|36.00|6.00|2013-03-01 14:49:02.187863 
grinderPercentage|46.00|36.00|8.00|2013-03-01 14:49:02.650796 
grinderPercentage|46.00|36.00|10.00|2013-03-01 14:49:03.113759 
grinderPercentage|46.00|36.00|12.00|2013-03-01 14:49:03.576345 
grinderPercentage|46.00|36.00|14.00|2013-03-01 14:49:04.039134 
grinderPercentage|46.00|36.00|16.00|2013-03-01 14:49:04.501899 
grinderPercentage|46.00|36.00|18.00|2013-03-01 14:49:04.965030 
complete|2013-03-01 14:49:45.160966 
reset|2013-03-01 14:49:48.822611 
grinderPercentage|50|0|0|2013-03-01 14:57:26.349698 
grinderPercentage|50|40|0|2013-03-01 14:57:45.587355 
grinderPercentage|50|40|10|2013-03-01 14:57:51.919701 
complete|2013-03-01 15:02:35.314811 
reset|2013-03-01 15:06:24.698980 
grinderPercentage|100|0|0|2013-03-01 15:07:33.602168 
complete|2013-03-01 15:10:37.015394 
reset|2013-03-01 15:10:40.578533 
grinderPercentage|50|0|0|2013-03-01 15:13:09.800300 
grinderPercentage|50|40|0|2013-03-01 15:13:19.830659 
grinderPercentage|50|40|10|2013-03-01 15:13:26.961316 
complete|2013-03-01 15:15:02.896981 
reset|2013-03-01 15:17:57.520581 
grinderPercentage|2.50|0.00|0.00|2013-03-01 15:31:45.732480 
grinderPercentage|5.00|0.00|0.00|2013-03-01 15:31:46.191068 
grinderPercentage|7.50|0.00|0.00|2013-03-01 15:32:05.871367 
grinderPercentage|10.00|0.00|0.00|2013-03-01 15:32:06.334041 
grinderPercentage|12.50|0.00|0.00|2013-03-01 15:32:06.792803 
grinderPercentage|15.00|0.00|0.00|2013-03-01 15:32:07.252342 
grinderPercentage|17.50|0.00|0.00|2013-03-01 15:32:07.812738 
grinderPercentage|20.00|0.00|0.00|2013-03-01 15:32:08.373752 
grinderPercentage|22.50|0.00|0.00|2013-03-01 15:32:08.836650 
grinderPercentage|25.00|0.00|0.00|2013-03-01 15:32:09.995697 
grinderPercentage|27.50|0.00|0.00|2013-03-01 15:32:10.454439 
grinderPercentage|30.00|0.00|0.00|2013-03-01 15:32:10.917325 
grinderPercentage|32.50|0.00|0.00|2013-03-01 15:32:11.376004 
grinderPercentage|35.00|0.00|0.00|2013-03-01 15:32:14.439652 
grinderPercentage|37.50|0.00|0.00|2013-03-01 15:32:14.902431 
grinderPercentage|40.00|0.00|0.00|2013-03-01 15:32:15.361269 
grinderPercentage|42.50|0.00|0.00|2013-03-01 15:32:17.421415 
grinderPercentage|45.00|0.00|0.00|2013-03-01 15:32:17.884153 
grinderPercentage|47.50|0.00|0.00|2013-03-01 15:32:18.342889 
grinderPercentage|50.00|0.00|0.00|2013-03-01 15:32:18.805713 
grinderPercentage|50.00|2.50|0.00|2013-03-01 15:32:32.280767 
grinderPercentage|50.00|5.00|0.00|2013-03-01 15:32:32.739578 
grinderPercentage|50.00|7.50|0.00|2013-03-01 15:32:33.902742 
grinderPercentage|50.00|10.00|0.00|2013-03-01 15:32:34.361508 
grinderPercentage|50.00|12.50|0.00|2013-03-01 15:32:34.824339 
grinderPercentage|50.00|15.00|0.00|2013-03-01 15:32:35.287078 
grinderPercentage|50.00|17.50|0.00|2013-03-01 15:32:37.347366 
grinderPercentage|50.00|20.00|0.00|2013-03-01 15:32:37.810169 
grinderPercentage|50.00|22.50|0.00|2013-03-01 15:32:40.472439 
grinderPercentage|50.00|25.00|0.00|2013-03-01 15:32:40.935257 
grinderPercentage|50.00|25.00|2.50|2013-03-01 15:32:49.507655 
grinderPercentage|50.00|25.00|5.00|2013-03-01 15:32:49.966447 
grinderPercentage|50.00|25.00|7.50|2013-03-01 15:32:50.928976 
grinderPercentage|50.00|25.00|10.00|2013-03-01 15:32:51.391810 
grinderPercentage|50.00|25.00|12.50|2013-03-01 15:32:51.854617 
grinderPercentage|50.00|25.00|15.00|2013-03-01 15:32:52.317457 
grinderPercentage|50.00|25.00|17.50|2013-03-01 15:32:55.385083 
grinderPercentage|50.00|25.00|20.00|2013-03-01 15:32:55.843882 
grinderPercentage|50.00|25.00|22.50|2013-03-01 15:32:56.306771 
grinderPercentage|50.00|25.00|25.00|2013-03-01 15:32:56.769581 
complete|2013-03-01 15:37:39.652871 
reset|2013-03-01 15:38:00.230302 
grinderPercentage|25|0|0|2013-03-01 15:41:08.537865 
grinderPercentage|25|50|0|2013-03-01 15:41:16.360686 
grinderPercentage|25|50|25|2013-03-01 15:41:22.340697 
complete|2013-03-01 15:43:31.763448 
reset|2013-03-01 15:44:41.985372 
grinderPercentage|2.50|0.00|0.00|2013-03-01 15:45:08.648943 
grinderPercentage|5.00|0.00|0.00|2013-03-01 15:45:09.111639 
grinderPercentage|7.50|0.00|0.00|2013-03-01 15:45:09.570445 
grinderPercentage|10.00|0.00|0.00|2013-03-01 15:45:10.029202 
grinderPercentage|12.50|0.00|0.00|2013-03-01 15:45:10.491947 
grinderPercentage|15.00|0.00|0.00|2013-03-01 15:45:10.950778 
grinderPercentage|17.50|0.00|0.00|2013-03-01 15:45:11.409740 
grinderPercentage|20.00|0.00|0.00|2013-03-01 15:45:11.872221 
grinderPercentage|22.50|0.00|0.00|2013-03-01 15:45:12.331048 
grinderPercentage|25.00|0.00|0.00|2013-03-01 15:45:12.793756 
grinderPercentage|27.50|0.00|0.00|2013-03-01 15:45:16.054050 
grinderPercentage|30.00|0.00|0.00|2013-03-01 15:45:16.516894 
grinderPercentage|32.50|0.00|0.00|2013-03-01 15:45:16.975665 
grinderPercentage|35.00|0.00|0.00|2013-03-01 15:45:17.438427 
grinderPercentage|35.00|0.00|2.50|2013-03-01 15:45:25.204153 
grinderPercentage|35.00|0.00|5.00|2013-03-01 15:45:25.666876 
grinderPercentage|35.00|0.00|7.50|2013-03-01 15:45:26.125636 
grinderPercentage|35.00|0.00|10.00|2013-03-01 15:45:26.588432 
grinderPercentage|35.00|0.00|12.50|2013-03-01 15:45:27.051198 
grinderPercentage|35.00|0.00|15.00|2013-03-01 15:45:27.509993 
grinderPercentage|35.00|0.00|17.50|2013-03-01 15:45:27.972822 
grinderPercentage|35.00|0.00|20.00|2013-03-01 15:45:28.435612 
grinderPercentage|35.00|0.00|22.50|2013-03-01 15:45:28.894368 
grinderPercentage|35.00|0.00|25.00|2013-03-01 15:45:29.357200 
grinderPercentage|35.00|0.00|27.50|2013-03-01 15:45:29.819993 
grinderPercentage|35.00|0.00|30.00|2013-03-01 15:45:30.278788 
grinderPercentage|35.00|0.00|32.50|2013-03-01 15:45:30.741551 
grinderPercentage|35.00|0.00|35.00|2013-03-01 15:45:31.204366 
grinderPercentage|35.00|0.00|37.50|2013-03-01 15:45:31.663178 
grinderPercentage|35.00|0.00|40.00|2013-03-01 15:45:32.125932 
grinderPercentage|35.00|0.00|42.50|2013-03-01 15:45:32.588726 
grinderPercentage|35.00|0.00|45.00|2013-03-01 15:45:33.051517 
grinderPercentage|35.00|0.00|47.50|2013-03-01 15:45:33.510363 
grinderPercentage|35.00|0.00|50.00|2013-03-01 15:45:33.973047 
grinderPercentage|35.00|0.00|52.50|2013-03-01 15:45:34.435943 
grinderPercentage|35.00|0.00|55.00|2013-03-01 15:45:34.894787 
grinderPercentage|35.00|0.00|57.50|2013-03-01 15:45:35.357509 
grinderPercentage|35.00|0.00|60.00|2013-03-01 15:45:35.820282 
grinderPercentage|35.00|0.00|62.50|2013-03-01 15:45:36.279125 
grinderPercentage|35.00|0.00|65.00|2013-03-01 15:45:36.741916 
grinderPercentage|2.50|0.00|0.00|2013-03-01 15:55:52.379430 
grinderPercentage|5.00|0.00|0.00|2013-03-01 15:55:52.838174 
grinderPercentage|7.50|0.00|0.00|2013-03-01 15:55:53.296672 
grinderPercentage|10.00|0.00|0.00|2013-03-01 15:55:53.755754 
grinderPercentage|12.50|0.00|0.00|2013-03-01 15:55:54.218503 
grinderPercentage|15.00|0.00|0.00|2013-03-01 15:55:54.677167 
grinderPercentage|17.50|0.00|0.00|2013-03-01 15:55:55.139947 
grinderPercentage|20.00|0.00|0.00|2013-03-01 15:55:55.598811 
grinderPercentage|22.50|0.00|0.00|2013-03-01 15:55:56.057508 
grinderPercentage|25.00|0.00|0.00|2013-03-01 15:55:56.520286 
grinderPercentage|27.50|0.00|0.00|2013-03-01 15:55:56.978853 
grinderPercentage|30.00|0.00|0.00|2013-03-01 15:55:57.441739 
grinderPercentage|32.50|0.00|0.00|2013-03-01 15:55:57.900640 
grinderPercentage|35.00|0.00|0.00|2013-03-01 15:55:58.359077 
grinderPercentage|37.50|0.00|0.00|2013-03-01 15:55:58.822033 
grinderPercentage|40.00|0.00|0.00|2013-03-01 15:55:59.280592 
grinderPercentage|42.50|0.00|0.00|2013-03-01 15:55:59.743512 
grinderPercentage|45.00|0.00|0.00|2013-03-01 15:56:00.202526 
grinderPercentage|47.50|0.00|0.00|2013-03-01 15:56:00.661113 
grinderPercentage|50.00|0.00|0.00|2013-03-01 15:56:01.123673 
grinderPercentage|52.50|0.00|0.00|2013-03-01 15:56:01.582627 
grinderPercentage|55.00|0.00|0.00|2013-03-01 15:56:02.045457 
grinderPercentage|57.50|0.00|0.00|2013-03-01 15:56:02.504170 
grinderPercentage|60.00|0.00|0.00|2013-03-01 15:56:02.962701 
grinderPercentage|62.50|0.00|0.00|2013-03-01 15:56:03.425527 
grinderPercentage|65.00|0.00|0.00|2013-03-01 15:56:03.884299 
grinderPercentage|67.50|0.00|0.00|2013-03-01 15:56:04.343053 
grinderPercentage|70.00|0.00|0.00|2013-03-01 15:56:04.805994 
grinderPercentage|72.50|0.00|0.00|2013-03-01 15:56:05.264773 
grinderPercentage|75.00|0.00|0.00|2013-03-01 15:56:05.727519 
grinderPercentage|77.50|0.00|0.00|2013-03-01 15:56:06.186193 
grinderPercentage|80.00|0.00|0.00|2013-03-01 15:56:06.645248 
grinderPercentage|82.50|0.00|0.00|2013-03-01 15:56:07.107672 
grinderPercentage|85.00|0.00|0.00|2013-03-01 15:56:07.566588 
grinderPercentage|87.50|0.00|0.00|2013-03-01 15:56:08.029330 
grinderPercentage|90.00|0.00|0.00|2013-03-01 15:56:08.488186 
grinderPercentage|92.50|0.00|0.00|2013-03-01 15:56:08.946668 
grinderPercentage|95.00|0.00|0.00|2013-03-01 15:56:09.409556 
grinderPercentage|97.50|0.00|0.00|2013-03-01 15:56:09.868429 
grinderPercentage|100.00|0.00|0.00|2013-03-01 15:56:10.331400 
complete|2013-03-01 15:56:19.034758 
reset|2013-03-01 15:56:23.798204 
grinderPercentage|2.50|0.00|0.00|2013-03-01 15:56:49.175710 
grinderPercentage|5.00|0.00|0.00|2013-03-01 15:56:49.638252 
grinderPercentage|7.50|0.00|0.00|2013-03-01 15:56:50.097047 
grinderPercentage|10.00|0.00|0.00|2013-03-01 15:56:50.555936 
grinderPercentage|12.50|0.00|0.00|2013-03-01 15:56:51.018488 
grinderPercentage|15.00|0.00|0.00|2013-03-01 15:56:51.477291 
grinderPercentage|17.50|0.00|0.00|2013-03-01 15:56:51.936068 
grinderPercentage|20.00|0.00|0.00|2013-03-01 15:56:52.398788 
grinderPercentage|22.50|0.00|0.00|2013-03-01 15:56:52.857570 
grinderPercentage|25.00|0.00|0.00|2013-03-01 15:56:53.320314 
grinderPercentage|27.50|0.00|0.00|2013-03-01 15:56:53.779156 
grinderPercentage|30.00|0.00|0.00|2013-03-01 15:56:54.237828 
grinderPercentage|32.50|0.00|0.00|2013-03-01 15:56:54.700631 
grinderPercentage|35.00|0.00|0.00|2013-03-01 15:56:55.159408 
grinderPercentage|35.00|2.50|0.00|2013-03-01 15:56:56.322684 
grinderPercentage|35.00|5.00|0.00|2013-03-01 15:56:56.781394 
grinderPercentage|35.00|7.50|0.00|2013-03-01 15:56:57.244121 
grinderPercentage|35.00|10.00|0.00|2013-03-01 15:56:57.702913 
grinderPercentage|35.00|12.50|0.00|2013-03-01 15:56:58.165699 
grinderPercentage|35.00|15.00|0.00|2013-03-01 15:56:58.628462 
grinderPercentage|35.00|17.50|0.00|2013-03-01 15:56:59.087264 
grinderPercentage|35.00|20.00|0.00|2013-03-01 15:56:59.550101 
grinderPercentage|35.00|22.50|0.00|2013-03-01 15:57:00.012836 
grinderPercentage|35.00|25.00|0.00|2013-03-01 15:57:00.471702 
grinderPercentage|35.00|27.50|0.00|2013-03-01 15:57:00.934476 
grinderPercentage|35.00|30.00|0.00|2013-03-01 15:57:01.397272 
grinderPercentage|35.00|32.50|0.00|2013-03-01 15:57:01.856066 
grinderPercentage|35.00|35.00|0.00|2013-03-01 15:57:02.318915 
grinderPercentage|35.00|37.50|0.00|2013-03-01 15:57:02.781630 
grinderPercentage|35.00|40.00|0.00|2013-03-01 15:57:03.240395 
grinderPercentage|35.00|42.50|0.00|2013-03-01 15:57:03.703234 
grinderPercentage|35.00|45.00|0.00|2013-03-01 15:57:04.166011 
grinderPercentage|35.00|47.50|0.00|2013-03-01 15:57:04.624768 
grinderPercentage|35.00|50.00|0.00|2013-03-01 15:57:05.087603 
grinderPercentage|35.00|52.50|0.00|2013-03-01 15:57:05.550371 
grinderPercentage|35.00|52.50|2.50|2013-03-01 15:57:07.512257 
grinderPercentage|35.00|52.50|5.00|2013-03-01 15:57:07.975131 
grinderPercentage|35.00|52.50|7.50|2013-03-01 15:57:08.433857 
grinderPercentage|35.00|52.50|10.00|2013-03-01 15:57:08.896759 
grinderPercentage|35.00|52.50|12.50|2013-03-01 15:57:09.359655 
complete|2013-03-01 15:57:32.812136 
reset|2013-03-01 15:57:35.871752 
grinderPercentage|2.50|0.00|0.00|2013-03-01 16:13:55.046919 
grinderPercentage|5.00|0.00|0.00|2013-03-01 16:14:00.809713 
grinderPercentage|7.50|0.00|0.00|2013-03-01 16:14:03.471959 
grinderPercentage|10.00|0.00|0.00|2013-03-01 16:14:04.233776 
grinderPercentage|12.50|0.00|0.00|2013-03-01 16:14:04.692532 
grinderPercentage|15.00|0.00|0.00|2013-03-01 16:14:05.552634 
grinderPercentage|17.50|0.00|0.00|2013-03-01 16:14:06.015421 
grinderPercentage|17.50|2.50|0.00|2013-03-01 16:14:10.078448 
grinderPercentage|17.50|5.00|0.00|2013-03-01 16:14:10.541288 
grinderPercentage|17.50|7.50|0.00|2013-03-01 16:14:10.999981 
grinderPercentage|17.50|10.00|0.00|2013-03-01 16:14:11.462799 
grinderPercentage|17.50|12.50|0.00|2013-03-01 16:14:11.921612 
grinderPercentage|17.50|15.00|0.00|2013-03-01 16:14:12.384424 
grinderPercentage|17.50|17.50|0.00|2013-03-01 16:14:12.847194 
grinderPercentage|17.50|20.00|0.00|2013-03-01 16:14:13.306017 
grinderPercentage|17.50|22.50|0.00|2013-03-01 16:14:13.768822 
grinderPercentage|17.50|25.00|0.00|2013-03-01 16:14:14.231572 
grinderPercentage|17.50|27.50|0.00|2013-03-01 16:14:14.690372 
grinderPercentage|17.50|30.00|0.00|2013-03-01 16:14:15.153140 
grinderPercentage|17.50|32.50|0.00|2013-03-01 16:14:15.616000 
grinderPercentage|17.50|35.00|0.00|2013-03-01 16:14:16.074687 
grinderPercentage|17.50|37.50|0.00|2013-03-01 16:14:16.537542 
grinderPercentage|17.50|40.00|0.00|2013-03-01 16:14:17.000300 
grinderPercentage|17.50|42.50|0.00|2013-03-01 16:14:17.459102 
grinderPercentage|17.50|45.00|0.00|2013-03-01 16:14:17.921976 
grinderPercentage|17.50|47.50|0.00|2013-03-01 16:14:18.384747 
grinderPercentage|17.50|50.00|0.00|2013-03-01 16:14:18.847527 
grinderPercentage|17.50|52.50|0.00|2013-03-01 16:14:19.306278 
grinderPercentage|17.50|55.00|0.00|2013-03-01 16:14:19.769088 
grinderPercentage|17.50|57.50|0.00|2013-03-01 16:14:20.231907 
grinderPercentage|17.50|60.00|0.00|2013-03-01 16:14:20.690684 
grinderPercentage|17.50|62.50|0.00|2013-03-01 16:14:21.153415 
grinderPercentage|17.50|65.00|0.00|2013-03-01 16:14:21.616254 
grinderPercentage|17.50|67.50|0.00|2013-03-01 16:14:22.075021 
grinderPercentage|17.50|70.00|0.00|2013-03-01 16:14:22.537795 
grinderPercentage|17.50|72.50|0.00|2013-03-01 16:14:23.000602 
grinderPercentage|17.50|75.00|0.00|2013-03-01 16:14:23.459478 
grinderPercentage|17.50|77.50|0.00|2013-03-01 16:14:23.922245 
grinderPercentage|17.50|77.50|2.50|2013-03-01 16:14:28.689643 
grinderPercentage|17.50|77.50|5.00|2013-03-01 16:14:29.148563 
complete|2013-03-01 16:17:24.059217 
reset|2013-03-01 16:17:26.815810 
grinderPercentage|2.50|0.00|0.00|2013-03-01 16:20:04.048556 
grinderPercentage|5.00|0.00|0.00|2013-03-01 16:20:05.809764 
grinderPercentage|7.50|0.00|0.00|2013-03-01 16:20:06.268546 
grinderPercentage|10.00|0.00|0.00|2013-03-01 16:20:06.731353 
grinderPercentage|12.50|0.00|0.00|2013-03-01 16:20:07.190079 
grinderPercentage|15.00|0.00|0.00|2013-03-01 16:20:07.648803 
grinderPercentage|17.50|0.00|0.00|2013-03-01 16:20:08.111552 
grinderPercentage|20.00|0.00|0.00|2013-03-01 16:20:08.570328 
grinderPercentage|22.50|0.00|0.00|2013-03-01 16:20:09.033051 
grinderPercentage|25.00|0.00|0.00|2013-03-01 16:20:09.491904 
grinderPercentage|27.50|0.00|0.00|2013-03-01 16:20:09.950614 
grinderPercentage|30.00|0.00|0.00|2013-03-01 16:20:10.413352 
grinderPercentage|32.50|0.00|0.00|2013-03-01 16:20:10.872179 
grinderPercentage|35.00|0.00|0.00|2013-03-01 16:20:11.334924 
grinderPercentage|37.50|0.00|0.00|2013-03-01 16:20:11.793703 
grinderPercentage|40.00|0.00|0.00|2013-03-01 16:20:12.252478 
grinderPercentage|40.00|2.50|0.00|2013-03-01 16:20:19.321738 
grinderPercentage|40.00|5.00|0.00|2013-03-01 16:20:19.780442 
grinderPercentage|40.00|7.50|0.00|2013-03-01 16:20:20.243241 
grinderPercentage|40.00|10.00|0.00|2013-03-01 16:20:20.702147 
grinderPercentage|40.00|12.50|0.00|2013-03-01 16:20:21.164841 
grinderPercentage|40.00|15.00|0.00|2013-03-01 16:20:21.627631 
grinderPercentage|40.00|17.50|0.00|2013-03-01 16:20:22.086378 
grinderPercentage|40.00|20.00|0.00|2013-03-01 16:20:22.549239 
grinderPercentage|40.00|22.50|0.00|2013-03-01 16:20:23.011983 
grinderPercentage|40.00|25.00|0.00|2013-03-01 16:20:23.470764 
grinderPercentage|40.00|27.50|0.00|2013-03-01 16:20:26.137069 
grinderPercentage|40.00|30.00|0.00|2013-03-01 16:20:28.500366 
grinderPercentage|40.00|32.50|0.00|2013-03-01 16:20:28.959130 
grinderPercentage|40.00|35.00|0.00|2013-03-01 16:20:29.422003 
grinderPercentage|40.00|37.50|0.00|2013-03-01 16:20:29.884742 
grinderPercentage|40.00|40.00|0.00|2013-03-01 16:20:30.343576 
grinderPercentage|40.00|42.50|0.00|2013-03-01 16:20:30.806320 
grinderPercentage|40.00|42.50|2.50|2013-03-01 16:20:35.573862 
grinderPercentage|40.00|42.50|5.00|2013-03-01 16:20:36.032542 
grinderPercentage|40.00|42.50|7.50|2013-03-01 16:20:36.495422 
grinderPercentage|40.00|42.50|10.00|2013-03-01 16:20:36.958130 
grinderPercentage|40.00|42.50|12.50|2013-03-01 16:20:37.421041 
grinderPercentage|40.00|42.50|15.00|2013-03-01 16:20:37.883825 
grinderPercentage|40.00|42.50|17.50|2013-03-01 16:20:38.346613 
complete|2013-03-01 16:25:08.475979 
reset|2013-03-01 16:26:18.096565 
grinderPercentage|0.00|2.50|0.00|2013-03-01 16:26:38.452256 
grinderPercentage|0.00|5.00|0.00|2013-03-01 16:26:38.915074 
grinderPercentage|0.00|7.50|0.00|2013-03-01 16:26:46.979712 
grinderPercentage|0.00|10.00|0.00|2013-03-01 16:26:47.442514 
grinderPercentage|0.00|12.50|0.00|2013-03-01 16:26:47.901249 
grinderPercentage|0.00|15.00|0.00|2013-03-01 16:26:53.369025 
grinderPercentage|0.00|17.50|0.00|2013-03-01 16:26:53.828588 
grinderPercentage|0.00|20.00|0.00|2013-03-01 16:26:54.286634 
grinderPercentage|0.00|22.50|0.00|2013-03-01 16:26:54.749368 
grinderPercentage|0.00|25.00|0.00|2013-03-01 16:26:55.208104 
grinderPercentage|0.00|27.50|0.00|2013-03-01 16:26:55.668206 
grinderPercentage|2.50|27.50|0.00|2013-03-01 16:27:08.441646 
grinderPercentage|5.00|27.50|0.00|2013-03-01 16:27:08.904388 
grinderPercentage|5.00|27.50|2.50|2013-03-01 16:27:18.775239 
grinderPercentage|5.00|27.50|5.00|2013-03-01 16:27:19.234008 
grinderPercentage|5.00|27.50|7.50|2013-03-01 16:27:19.692792 
grinderPercentage|5.00|27.50|10.00|2013-03-01 16:27:24.460599 
grinderPercentage|5.00|27.50|12.50|2013-03-01 16:27:24.922970 
grinderPercentage|5.00|27.50|15.00|2013-03-01 16:27:25.381852 
grinderPercentage|5.00|27.50|17.50|2013-03-01 16:27:25.844649 
grinderPercentage|5.00|27.50|20.00|2013-03-01 16:27:26.307391 
grinderPercentage|5.00|27.50|22.50|2013-03-01 16:27:26.766187 
grinderPercentage|5.00|27.50|25.00|2013-03-01 16:27:27.228992 
grinderPercentage|5.00|30.00|25.00|2013-03-01 16:27:39.704664 
grinderPercentage|5.00|32.50|25.00|2013-03-01 16:27:40.163539 
grinderPercentage|7.50|32.50|25.00|2013-03-01 16:27:45.029275 
grinderPercentage|10.00|32.50|25.00|2013-03-01 16:27:45.492120 
grinderPercentage|12.50|32.50|25.00|2013-03-01 16:27:50.259728 
grinderPercentage|15.00|32.50|25.00|2013-03-01 16:27:50.722481 
grinderPercentage|17.50|32.50|25.00|2013-03-01 16:27:51.185236 
grinderPercentage|20.00|32.50|25.00|2013-03-01 16:27:51.648117 
grinderPercentage|22.50|32.50|25.00|2013-03-01 16:27:52.110872 
grinderPercentage|25.00|32.50|25.00|2013-03-01 16:27:52.573819 
grinderPercentage|27.50|32.50|25.00|2013-03-01 16:27:53.036507 
grinderPercentage|30.00|32.50|25.00|2013-03-01 16:27:53.499336 
grinderPercentage|32.50|32.50|25.00|2013-03-01 16:27:53.962167 
grinderPercentage|35.00|32.50|25.00|2013-03-01 16:27:54.424975 
grinderPercentage|37.50|32.50|25.00|2013-03-01 16:27:54.887761 
grinderPercentage|40.00|32.50|25.00|2013-03-01 16:27:55.350585 
grinderPercentage|42.50|32.50|25.00|2013-03-01 16:27:55.813443 
complete|2013-03-01 16:35:29.388993 
reset|2013-03-01 16:35:31.949261 
grinderPercentage|50|0|0|2013-03-01 16:36:57.415845 
grinderPercentage|50|40|0|2013-03-01 16:37:05.541710 
grinderPercentage|50|40|10|2013-03-01 16:37:12.877278 
complete|2013-03-01 16:38:51.557432 
reset|2013-03-01 16:39:06.125782 
grinderPercentage|2.50|0.00|0.00|2013-03-01 16:42:04.218905 
grinderPercentage|5.00|0.00|0.00|2013-03-01 16:42:04.677563 
grinderPercentage|7.50|0.00|0.00|2013-03-01 16:42:10.145350 
grinderPercentage|10.00|0.00|0.00|2013-03-01 16:42:10.604174 
grinderPercentage|12.50|0.00|0.00|2013-03-01 16:42:11.066875 
grinderPercentage|15.00|0.00|0.00|2013-03-01 16:42:11.525721 
grinderPercentage|17.50|0.00|0.00|2013-03-01 16:42:11.984460 
grinderPercentage|20.00|0.00|0.00|2013-03-01 16:42:12.447277 
grinderPercentage|22.50|0.00|0.00|2013-03-01 16:42:12.905991 
grinderPercentage|25.00|0.00|0.00|2013-03-01 16:42:13.368756 
grinderPercentage|27.50|0.00|0.00|2013-03-01 16:42:13.827550 
grinderPercentage|30.00|0.00|0.00|2013-03-01 16:42:14.286298 
grinderPercentage|32.50|0.00|0.00|2013-03-01 16:42:14.749020 
grinderPercentage|35.00|0.00|0.00|2013-03-01 16:42:15.207793 
grinderPercentage|37.50|0.00|0.00|2013-03-01 16:42:15.670632 
grinderPercentage|40.00|0.00|0.00|2013-03-01 16:42:16.129301 
grinderPercentage|42.50|0.00|0.00|2013-03-01 16:42:16.588081 
grinderPercentage|45.00|0.00|0.00|2013-03-01 16:42:17.050837 
grinderPercentage|47.50|0.00|0.00|2013-03-01 16:42:17.509630 
grinderPercentage|50.00|0.00|0.00|2013-03-01 16:42:17.972372 
grinderPercentage|52.50|0.00|0.00|2013-03-01 16:42:18.431157 
grinderPercentage|55.00|0.00|0.00|2013-03-01 16:42:18.889942 
grinderPercentage|55.00|0.00|2.50|2013-03-01 16:42:24.959845 
grinderPercentage|55.00|0.00|5.00|2013-03-01 16:42:25.418767 
grinderPercentage|55.00|0.00|7.50|2013-03-01 16:42:25.877326 
grinderPercentage|55.00|0.00|10.00|2013-03-01 16:42:26.340199 
grinderPercentage|55.00|0.00|12.50|2013-03-01 16:42:26.802934 
grinderPercentage|55.00|0.00|15.00|2013-03-01 16:42:27.261723 
grinderPercentage|55.00|0.00|17.50|2013-03-01 16:42:27.724514 
grinderPercentage|55.00|0.00|20.00|2013-03-01 16:42:28.187274 
grinderPercentage|55.00|0.00|22.50|2013-03-01 16:42:28.646137 
grinderPercentage|55.00|0.00|25.00|2013-03-01 16:42:29.108930 
grinderPercentage|55.00|0.00|27.50|2013-03-01 16:42:29.571692 
grinderPercentage|55.00|0.00|30.00|2013-03-01 16:42:30.030458 
grinderPercentage|55.00|0.00|32.50|2013-03-01 16:42:30.493243 
grinderPercentage|55.00|0.00|35.00|2013-03-01 16:42:30.956115 
grinderPercentage|55.00|0.00|37.50|2013-03-01 16:42:31.414841 
grinderPercentage|55.00|0.00|40.00|2013-03-01 16:42:32.578070 
grinderPercentage|55.00|2.50|40.00|2013-03-01 16:42:36.243751 
grinderPercentage|55.00|5.00|40.00|2013-03-01 16:42:37.607621 
complete|2013-03-01 16:47:37.726634 
reset|2013-03-01 16:47:39.184857 
grinderPercentage|2.50|0.00|0.00|2013-03-01 16:56:00.128078 
grinderPercentage|5.00|0.00|0.00|2013-03-01 16:56:00.889851 
grinderPercentage|7.50|0.00|0.00|2013-03-01 16:56:01.348603 
grinderPercentage|10.00|0.00|0.00|2013-03-01 16:56:01.807377 
grinderPercentage|12.50|0.00|0.00|2013-03-01 16:56:02.270107 
grinderPercentage|12.50|2.50|0.00|2013-03-01 16:56:09.937436 
grinderPercentage|12.50|5.00|0.00|2013-03-01 16:56:10.396279 
grinderPercentage|12.50|7.50|0.00|2013-03-01 16:56:10.859012 
grinderPercentage|12.50|10.00|0.00|2013-03-01 16:56:11.317830 
grinderPercentage|12.50|12.50|0.00|2013-03-01 16:56:11.780621 
grinderPercentage|12.50|12.50|2.50|2013-03-01 16:56:16.146831 
grinderPercentage|12.50|12.50|5.00|2013-03-01 16:56:16.609469 
grinderPercentage|12.50|12.50|7.50|2013-03-01 16:56:17.068222 
grinderPercentage|12.50|12.50|10.00|2013-03-01 16:56:17.531302 
grinderPercentage|12.50|12.50|12.50|2013-03-01 16:56:25.804529 
grinderPercentage|12.50|12.50|15.00|2013-03-01 16:56:26.267362 
grinderPercentage|12.50|12.50|17.50|2013-03-01 16:56:26.730333 
grinderPercentage|12.50|12.50|20.00|2013-03-01 16:56:27.192983 
grinderPercentage|12.50|12.50|22.50|2013-03-01 16:56:27.655806 
grinderPercentage|12.50|12.50|25.00|2013-03-01 16:56:28.114588 
grinderPercentage|12.50|12.50|27.50|2013-03-01 16:56:28.577433 
grinderPercentage|12.50|12.50|30.00|2013-03-01 16:56:29.040209 
grinderPercentage|12.50|12.50|32.50|2013-03-01 16:56:29.503077 
grinderPercentage|12.50|15.00|32.50|2013-03-01 16:56:35.871996 
grinderPercentage|12.50|17.50|32.50|2013-03-01 16:56:36.334888 
grinderPercentage|12.50|20.00|32.50|2013-03-01 16:56:36.797708 
grinderPercentage|12.50|22.50|32.50|2013-03-01 16:56:37.260505 
grinderPercentage|12.50|25.00|32.50|2013-03-01 16:56:37.723248 
grinderPercentage|12.50|27.50|32.50|2013-03-01 16:56:38.186139 
grinderPercentage|12.50|30.00|32.50|2013-03-01 16:56:38.649027 
grinderPercentage|15.00|30.00|32.50|2013-03-01 16:56:43.015031 
grinderPercentage|17.50|30.00|32.50|2013-03-01 16:56:43.477906 
grinderPercentage|20.00|30.00|32.50|2013-03-01 16:56:43.940682 
grinderPercentage|22.50|30.00|32.50|2013-03-01 16:56:44.403512 
grinderPercentage|25.00|30.00|32.50|2013-03-01 16:56:44.866342 
grinderPercentage|27.50|30.00|32.50|2013-03-01 16:56:45.329156 
grinderPercentage|30.00|30.00|32.50|2013-03-01 16:56:45.792018 
grinderPercentage|32.50|30.00|32.50|2013-03-01 16:56:46.254819 
grinderPercentage|35.00|30.00|32.50|2013-03-01 16:56:46.717620 
grinderPercentage|37.50|30.00|32.50|2013-03-01 16:56:47.180479 
complete|2013-03-01 17:02:24.792377 
reset|2013-03-01 17:02:26.447192 
grinderPercentage|0|0|32|2013-03-18 16:20:08.230062 
grinderCanister|2013-03-18 16:25:35.654067 
grinderCanister|2013-03-18 16:29:41.190111 
grinderCanister|2013-03-18 16:37:30.299607 
grinderCanister|2013-03-18 16:41:03.984266 
grinderCanister|2013-03-18 16:44:06.315280 
grinderCanister|2013-03-18 16:47:53.155723 
grinderCanister|2013-03-18 16:50:29.550910 
noCanister|2013-03-18 16:51:31.926134 
noCanister|2013-03-18 16:53:27.118982 
grinderCanister|2013-03-18 16:53:56.961042 
noCanister|2013-03-18 16:54:12.926258 
grinderCanister|2013-03-18 16:54:24.386268 
noCanister|2013-03-18 16:54:34.728305 
grinderCanister|2013-03-18 16:54:41.367192 
grinderPercentage|16|0|0|2013-03-18 16:55:07.408611 
noCanister|2013-03-18 16:55:28.493422 
grinderCanister|2013-03-18 16:55:30.107173 
grinderPercentage|16|32|0|2013-03-18 16:55:32.663290 
noCanister|2013-03-18 16:55:38.778353 
grinderCanister|2013-03-18 16:55:40.592458 
grinderPercentage|16|32|32|2013-03-18 16:55:42.546312 
grinderCanister|2013-03-18 17:06:23.729034 
grinderPercentage|16|0|0|2013-03-18 17:06:37.818758 
noCanister|2013-03-18 17:06:38.809617 
grinderCanister|2013-03-18 17:06:40.526008 
grinderPercentage|16|32|0|2013-03-18 17:06:42.278931 
noCanister|2013-03-18 17:06:43.065489 
grinderCanister|2013-03-18 17:06:48.295806 
grinderPercentage|16|32|32|2013-03-18 17:06:51.457937 
grinderPercentage|16.00|32.00|42.00|2013-03-18 17:06:57.896406 
grinderPercentage|16.00|32.00|52.00|2013-03-18 17:06:58.297724 
grinderCanister|2013-03-18 17:15:30.016471 
grinderPercentage|0|0|32|2013-03-18 17:15:38.998691 
noCanister|2013-03-18 17:15:50.237417 
grinderCanister|2013-03-18 17:15:51.953152 
grinderPercentage|0|32|32|2013-03-18 17:15:53.604317 
noCanister|2013-03-18 17:15:54.292304 
grinderCanister|2013-03-18 17:15:55.705382 
grinderPercentage|16|32|32|2013-03-18 17:15:56.941976 
grinderPercentage|26.00|32.00|32.00|2013-03-18 17:16:00.870001 
grinderPercentage|36.00|32.00|32.00|2013-03-18 17:16:01.271530 
grinderCanister|2013-03-18 17:17:30.007857 
grinderPercentage|16|0|0|2013-03-18 17:18:20.566191 
noCanister|2013-03-18 17:18:21.254233 
grinderCanister|2013-03-18 17:18:22.466511 
grinderPercentage|16|32|0|2013-03-18 17:18:24.018928 
noCanister|2013-03-18 17:18:25.910996 
grinderCanister|2013-03-18 17:18:28.229293 
grinderPercentage|16|32|32|2013-03-18 17:18:29.478464 
grinderPercentage|16.00|32.00|42.00|2013-03-18 17:18:30.391826 
grinderPercentage|16.00|32.00|52.00|2013-03-18 17:18:31.096575 
grinderCanister|2013-03-25 11:42:27.404475 
grinderPercentage|0|0|32|2013-03-25 11:43:08.044573 
noCanister|2013-03-25 11:54:32.761203 
grinderCanister|2013-03-25 11:54:34.777082 
grinderPercentage|0|32|32|2013-03-25 11:55:02.559898 
noCanister|2013-03-25 11:55:26.159580 
grinderCanister|2013-03-25 11:55:28.376421 
grinderPercentage|16|32|32|2013-03-25 11:55:33.075599 
grinderPercentage|18.50|32.00|32.00|2013-03-25 12:04:01.855841 
grinderPercentage|21.00|32.00|32.00|2013-03-25 12:04:02.261104 
grinderPercentage|23.50|32.00|32.00|2013-03-25 12:04:02.663004 
grinderPercentage|26.00|32.00|32.00|2013-03-25 12:04:03.064261 
grinderPercentage|28.50|32.00|32.00|2013-03-25 12:04:03.465989 
grinderPercentage|31.00|32.00|32.00|2013-03-25 12:04:03.867447 
grinderPercentage|33.50|32.00|32.00|2013-03-25 12:04:04.272778 
grinderPercentage|36.00|32.00|32.00|2013-03-25 12:04:04.674528 
noCanister|2013-03-25 15:01:07.368734 
grinderCanister|2013-03-25 15:01:31.095201 
noCanister|2013-03-25 15:01:38.523643 
grinderCanister|2013-03-25 15:01:40.440987 
grinderPercentage|0|32|0|2013-03-25 15:01:46.869454 
noCanister|2013-03-25 15:01:52.482506 
grinderCanister|2013-03-25 15:01:54.199491 
grinderPercentage|0|32|32|2013-03-25 15:02:00.427436 
noCanister|2013-03-25 15:02:01.717854 
grinderCanister|2013-03-25 15:02:05.847565 
grinderPercentage|16|32|32|2013-03-25 15:08:39.521768 
grinderPercentage|18.50|32.00|32.00|2013-03-25 15:12:19.298907 
grinderPercentage|21.00|32.00|32.00|2013-03-25 15:12:19.700424 
grinderPercentage|23.50|32.00|32.00|2013-03-25 15:12:34.273982 
grinderPercentage|26.00|32.00|32.00|2013-03-25 15:12:34.675746 
grinderPercentage|28.50|32.00|32.00|2013-03-25 15:12:35.077316 
grinderPercentage|31.00|32.00|32.00|2013-03-25 15:12:35.478839 
grinderPercentage|33.50|32.00|32.00|2013-03-25 15:12:35.884197 
grinderPercentage|36.00|32.00|32.00|2013-03-25 15:12:36.285826 
grinderCanister|2013-03-25 15:15:43.958210 
grinderPercentage|16|0|0|2013-03-25 15:15:54.262800 
noCanister|2013-03-25 15:15:54.652065 
grinderCanister|2013-03-25 15:15:57.974418 
grinderPercentage|16|32|0|2013-03-25 15:16:04.304801 
noCanister|2013-03-25 15:16:06.099478 
grinderCanister|2013-03-25 15:16:08.619368 
grinderPercentage|16|32|32|2013-03-25 15:16:15.150138 
grinderPercentage|16.00|32.00|34.50|2013-03-25 15:18:53.838296 
grinderPercentage|16.00|32.00|37.00|2013-03-25 15:18:54.239702 
grinderPercentage|16.00|32.00|39.50|2013-03-25 15:19:03.384533 
grinderPercentage|16.00|32.00|42.00|2013-03-25 15:19:03.786444 
grinderPercentage|16.00|32.00|44.50|2013-03-25 15:19:04.191724 
grinderPercentage|16.00|32.00|47.00|2013-03-25 15:19:09.116461 
grinderPercentage|16.00|32.00|49.50|2013-03-25 15:19:09.518196 
noCanister|2013-03-25 15:19:13.107503 
grinderCanister|2013-03-25 15:19:18.441677 
grinderPercentage|16.00|34.50|49.50|2013-03-25 15:19:25.595774 
grinderCanister|2013-03-25 15:33:58.923199 
grinderPercentage|0|32|0|2013-03-25 15:34:16.708946 
noCanister|2013-03-25 15:34:19.007389 
grinderCanister|2013-03-25 15:34:20.822740 
grinderPercentage|16|32|0|2013-03-25 15:34:24.595873 
noCanister|2013-03-25 15:34:25.583443 
grinderCanister|2013-03-25 15:34:29.209660 
grinderPercentage|16|32|32|2013-03-25 15:34:35.441250 
grinderPercentage|16.00|32.00|34.50|2013-03-25 15:36:12.827077 
grinderPercentage|16.00|32.00|37.00|2013-03-25 15:36:14.637979 
grinderPercentage|16.00|32.00|39.50|2013-03-25 15:36:15.543505 
grinderPercentage|16.00|32.00|42.00|2013-03-25 15:36:22.377854 
grinderPercentage|16.00|32.00|44.50|2013-03-25 15:36:23.381765 
grinderPercentage|16.00|32.00|47.00|2013-03-25 15:36:24.586390 
grinderPercentage|16.00|32.00|49.50|2013-03-25 15:36:25.692236 
grinderPercentage|16.00|32.00|52.00|2013-03-25 15:36:27.904804 
grinderCanister|2013-03-25 15:43:32.821339 
grinderCanister|2013-03-25 16:04:37.475961 
grinderPercentage|0|0|32|2013-03-25 16:04:44.707322 
noCanister|2013-03-25 16:04:45.899737 
grinderCanister|2013-03-25 16:04:47.616506 
grinderPercentage|0|32|32|2013-03-25 16:04:53.844110 
noCanister|2013-03-25 16:04:55.839450 
grinderCanister|2013-03-25 16:04:57.756746 
grinderPercentage|16|32|32|2013-03-25 16:05:11.580911 
grinderPercentage|18.50|32.00|32.00|2013-03-25 16:05:20.635606 
grinderPercentage|21.00|32.00|32.00|2013-03-25 16:05:21.037280 
grinderPercentage|23.50|32.00|32.00|2013-03-25 16:05:21.438764 
grinderPercentage|26.00|32.00|32.00|2013-03-25 16:05:21.840024 
grinderPercentage|28.50|32.00|32.00|2013-03-25 16:05:22.241611 
grinderPercentage|31.00|32.00|32.00|2013-03-25 16:05:22.647357 
grinderPercentage|33.50|32.00|32.00|2013-03-25 16:05:23.048747 
grinderPercentage|36.00|32.00|32.00|2013-03-25 16:05:23.450490 
grinderCanister|2013-03-25 16:12:49.876203 
grinderPercentage|16|0|0|2013-03-25 16:12:59.873283 
noCanister|2013-03-25 16:13:00.360820 
grinderCanister|2013-03-25 16:13:02.782567 
grinderPercentage|16|32|0|2013-03-25 16:13:09.313126 
noCanister|2013-03-25 16:13:13.013262 
grinderCanister|2013-03-25 16:13:18.650624 
grinderPercentage|16|32|32|2013-03-25 16:13:25.083127 
grinderPercentage|16.00|32.00|34.50|2013-03-25 16:13:40.267384 
grinderPercentage|16.00|32.00|37.00|2013-03-25 16:13:40.668946 
grinderPercentage|16.00|32.00|39.50|2013-03-25 16:13:41.070528 
grinderPercentage|16.00|32.00|42.00|2013-03-25 16:13:41.472001 
grinderPercentage|16.00|32.00|44.50|2013-03-25 16:13:41.873663 
grinderPercentage|16.00|32.00|47.00|2013-03-25 16:13:42.279090 
grinderPercentage|16.00|32.00|49.50|2013-03-25 16:13:42.680879 
grinderPercentage|16.00|32.00|52.00|2013-03-25 16:13:43.082168 
grinderCanister|2013-03-25 18:19:14.157129 
noCanister|2013-03-25 18:21:07.501494 
grinderCanister|2013-03-25 18:21:12.131289 
noCanister|2013-03-25 18:21:15.740692 
grinderCanister|2013-03-25 18:21:18.260889 
grinderCanister|2013-03-26 11:20:34.105656 
grinderCanister|2013-03-26 12:36:43.781105 
grinderPercentage|14|0|0|2013-03-26 12:43:10.800114 
grinderCanister|2013-03-26 12:47:35.307274 
grinderPercentage|18|0|0|2013-03-26 12:54:29.904065 
grinderCanister|2013-03-26 13:07:29.157291 
noCanister|2013-03-26 13:08:17.987523 
grinderCanister|2013-03-26 13:08:20.708055 
noCanister|2013-03-26 13:08:26.530303 
grinderCanister|2013-03-26 13:08:28.947488 
grinderPercentage|0|0|32|2013-03-26 13:08:40.804516 
noCanister|2013-03-26 13:08:48.326949 
grinderCanister|2013-03-26 13:08:52.051401 
grinderPercentage|0|32|32|2013-03-26 13:09:02.302441 
noCanister|2013-03-26 13:09:03.695341 
grinderCanister|2013-03-26 13:09:07.923994 
grinderPercentage|16|32|32|2013-03-26 13:09:11.898095 
noCanister|2013-03-26 13:09:14.495542 
grinderCanister|2013-03-26 13:09:17.818279 
grinderPercentage|16.00|32.00|34.50|2013-03-26 13:09:20.149758 
grinderPercentage|16.00|32.00|37.00|2013-03-26 13:09:20.551102 
grinderPercentage|16.00|32.00|39.50|2013-03-26 13:09:20.952853 
grinderPercentage|16.00|32.00|42.00|2013-03-26 13:09:26.078368 
grinderPercentage|16.00|32.00|44.50|2013-03-26 13:09:26.480056 
grinderPercentage|16.00|32.00|47.00|2013-03-26 13:09:27.684414 
grinderPercentage|16.00|32.00|49.50|2013-03-26 13:09:28.090045 
grinderPercentage|16.00|32.00|52.00|2013-03-26 13:09:28.491511 
grinderCanister|2013-03-26 14:18:10.913069 
grinderPercentage|0|0|32|2013-03-26 14:23:45.049632 
noCanister|2013-03-26 14:23:47.749697 
grinderCanister|2013-03-26 14:23:57.906583 
grinderPercentage|0|32|32|2013-03-26 14:24:05.039738 
noCanister|2013-03-26 14:24:05.125705 
grinderCanister|2013-03-26 14:24:07.543211 
grinderPercentage|16|32|32|2013-03-26 14:24:11.017437 
noCanister|2013-03-26 14:24:17.429879 
grinderCanister|2013-03-26 14:24:24.071078 
grinderPercentage|16.00|32.00|34.50|2013-03-26 14:24:28.512673 
grinderPercentage|16.00|32.00|37.00|2013-03-26 14:24:38.661542 
grinderPercentage|16.00|32.00|39.50|2013-03-26 14:24:39.665166 
grinderPercentage|16.00|32.00|42.00|2013-03-26 14:24:58.659599 
grinderPercentage|16.00|32.00|44.50|2013-03-26 14:25:00.871909 
noCanister|2013-03-26 14:25:01.949540 
grinderCanister|2013-03-26 14:25:03.666353 
grinderPercentage|16.00|34.50|44.50|2013-03-26 14:25:09.414888 
grinderPercentage|16.00|37.00|44.50|2013-03-26 14:25:10.418609 
grinderPercentage|16.00|39.50|44.50|2013-03-26 14:25:14.843331 
grinderCanister|2013-03-26 15:56:31.554321 
grinderPercentage|0|32|0|2013-03-26 16:00:30.919469 
noCanister|2013-03-26 16:00:33.918580 
grinderCanister|2013-03-26 16:00:36.840244 
grinderPercentage|16|32|0|2013-03-26 16:00:51.163696 
noCanister|2013-03-26 16:00:52.859788 
grinderCanister|2013-03-26 16:00:56.785246 
grinderPercentage|16|32|32|2013-03-26 16:01:05.024285 
noCanister|2013-03-26 16:01:13.047009 
grinderCanister|2013-03-26 16:01:14.866005 
noCanister|2013-03-26 16:01:18.876865 
grinderCanister|2013-03-26 16:01:21.093981 
grinderPercentage|18.50|32.00|32.00|2013-03-26 16:02:19.896176 
grinderPercentage|21.00|32.00|32.00|2013-03-26 16:02:21.106063 
grinderPercentage|23.50|32.00|32.00|2013-03-26 16:02:22.108746 
grinderPercentage|26.00|32.00|32.00|2013-03-26 16:02:23.014057 
grinderPercentage|28.50|32.00|32.00|2013-03-26 16:02:23.919726 
grinderPercentage|31.00|32.00|32.00|2013-03-26 16:02:26.832854 
grinderPercentage|33.50|32.00|32.00|2013-03-26 16:02:28.844401 
grinderPercentage|36.00|32.00|32.00|2013-03-26 16:02:29.950577 
grinderCanister|2013-03-26 16:16:16.717659 
grinderPercentage|16|0|0|2013-03-26 16:16:37.773342 
noCanister|2013-03-26 16:16:48.007474 
grinderCanister|2013-03-26 16:16:50.424999 
grinderPercentage|16|32|0|2013-03-26 16:16:56.959784 
noCanister|2013-03-26 16:17:05.985904 
grinderCanister|2013-03-26 16:17:07.805214 
grinderPercentage|16|32|32|2013-03-26 16:17:14.536569 
grinderCanister|2013-03-26 16:27:11.156295 
grinderPercentage|0|0|32|2013-03-26 16:27:18.592445 
noCanister|2013-03-26 16:27:18.678222 
grinderCanister|2013-03-26 16:27:20.194765 
grinderPercentage|0|32|32|2013-03-26 16:27:27.327525 
noCanister|2013-03-26 16:27:27.814900 
grinderCanister|2013-03-26 16:27:30.433194 
grinderPercentage|16|32|32|2013-03-26 16:27:34.309047 
grinderCanister|2013-03-26 16:33:56.075489 
grinderPercentage|16|0|0|2013-03-26 16:34:37.931794 
noCanister|2013-03-26 16:35:57.703912 
grinderCanister|2013-03-26 16:36:04.144746 
noCanister|2013-03-26 16:36:17.300812 
grinderCanister|2013-03-26 16:36:19.218484 
noCanister|2013-03-26 16:36:22.328038 
grinderCanister|2013-03-26 16:36:24.446435 
grinderPercentage|16|32|0|2013-03-26 16:36:35.095715 
noCanister|2013-03-26 16:37:02.214068 
grinderCanister|2013-03-26 16:37:05.237722 
grinderPercentage|16|32|32|2013-03-26 16:37:13.976841 
noCanister|2013-03-26 16:37:17.480075 
grinderCanister|2013-03-26 16:37:21.405174 
noCanister|2013-03-26 16:37:27.731144 
grinderCanister|2013-03-26 16:37:28.743160 
grinderPercentage|16.00|32.00|34.50|2013-03-26 16:37:34.286791 
grinderPercentage|16.00|32.00|37.00|2013-03-26 16:37:36.601499 
grinderPercentage|16.00|32.00|39.50|2013-03-26 16:37:37.707756 
grinderPercentage|16.00|32.00|42.00|2013-03-26 16:37:39.113240 
grinderCanister|2013-03-26 16:47:45.127435 
grinderPercentage|0|0|32|2013-03-26 16:47:56.681664 
noCanister|2013-03-26 16:48:15.762091 
grinderCanister|2013-03-26 16:48:17.376914 
grinderPercentage|0|32|32|2013-03-26 16:48:23.907426 
noCanister|2013-03-26 16:48:24.796369 
grinderCanister|2013-03-26 16:48:26.615853 
grinderPercentage|16|32|32|2013-03-26 16:48:30.188087 
grinderPercentage|18.50|32.00|32.00|2013-03-26 16:48:35.322162 
grinderPercentage|21.00|32.00|32.00|2013-03-26 16:48:36.526665 
grinderPercentage|23.50|32.00|32.00|2013-03-26 16:48:40.951509 
noCanister|2013-03-26 16:48:43.032878 
grinderCanister|2013-03-26 16:48:44.950402 
grinderPercentage|23.50|34.50|32.00|2013-03-26 16:48:49.289343 
grinderPercentage|23.50|37.00|32.00|2013-03-26 16:48:51.001870 
grinderPercentage|23.50|39.50|32.00|2013-03-26 16:48:57.733607 
noCanister|2013-03-26 16:48:59.216677 
grinderCanister|2013-03-26 16:49:00.831062 
grinderPercentage|23.50|39.50|34.50|2013-03-26 16:49:06.477078 
grinderPercentage|23.50|39.50|37.00|2013-03-26 16:49:08.087030 
grinderCanister|2013-03-26 18:28:57.859238 
grinderPercentage|0|0|32|2013-03-26 18:29:27.502250 
noCanister|2013-03-26 18:29:29.899372 
grinderCanister|2013-03-26 18:29:32.218566 
grinderPercentage|0|32|32|2013-03-26 18:29:46.287982 
noCanister|2013-03-26 18:32:27.458851 
grinderCanister|2013-03-26 18:32:28.876387 
grinderPercentage|16|32|32|2013-03-26 18:32:48.829378 
grinderPercentage|18.50|32.00|32.00|2013-03-26 18:32:57.781942 
grinderPercentage|21.00|32.00|32.00|2013-03-26 18:32:59.490439 
grinderPercentage|23.50|32.00|32.00|2013-03-26 18:33:15.457206 
grinderPercentage|26.00|32.00|32.00|2013-03-26 18:33:16.162383 
grinderPercentage|28.50|32.00|32.00|2013-03-26 18:33:17.165799 
grinderPercentage|31.00|32.00|32.00|2013-03-26 18:33:18.575051 
grinderPercentage|33.50|32.00|32.00|2013-03-26 18:33:19.177526 
grinderPercentage|36.00|32.00|32.00|2013-03-26 18:33:19.881887 
grinderCanister|2013-03-26 19:40:40.073169 
grinderPercentage|20|0|0|2013-03-26 19:40:55.740227 
noCanister|2013-03-26 19:40:56.830130 
grinderCanister|2013-03-26 19:40:58.649509 
grinderPercentage|20|40|0|2013-03-26 19:41:08.367849 
noCanister|2013-03-26 19:41:11.768444 
grinderCanister|2013-03-26 19:41:14.391008 
grinderPercentage|20|40|40|2013-03-26 19:41:23.809961 
grinderCanister|2013-03-26 19:56:37.489161 
grinderPercentage|0|0|40|2013-03-26 19:56:49.218910 
noCanister|2013-03-26 19:56:50.009738 
grinderCanister|2013-03-26 19:56:52.124299 
grinderPercentage|0|40|40|2013-03-26 19:57:00.236201 
noCanister|2013-03-26 19:57:00.826365 
grinderCanister|2013-03-26 19:57:02.842359 
grinderPercentage|20|40|40|2013-03-26 19:57:08.561946 
grinderCanister|2013-03-26 19:59:06.728885 
noCanister|2013-03-26 19:59:10.239701 
grinderCanister|2013-03-26 19:59:18.188499 
grinderPercentage|18|0|0|2013-03-26 19:59:22.379800 
noCanister|2013-03-26 19:59:23.772750 
grinderCanister|2013-03-26 19:59:25.387495 
grinderPercentage|18|36|0|2013-03-26 19:59:32.155571 
noCanister|2013-03-26 19:59:32.241474 
grinderCanister|2013-03-26 19:59:33.753939 
grinderPercentage|18|36|36|2013-03-26 19:59:41.025980 
grinderPercentage|18.00|36.00|38.50|2013-03-26 19:59:45.860663 
grinderPercentage|18.00|36.00|41.00|2013-03-26 19:59:47.265875 
grinderPercentage|18.00|36.00|43.50|2013-03-26 19:59:48.573144 
grinderPercentage|18.00|36.00|46.00|2013-03-26 19:59:50.080670 
grinderCanister|2013-03-26 20:01:14.081334 
grinderPercentage|0|0|28|2013-03-26 20:01:19.469118 
grinderCanister|2013-03-26 20:01:19.563191 
grinderPercentage|0|28|28|2013-03-26 20:01:25.958704 
grinderCanister|2013-03-26 20:01:26.048835 
grinderPercentage|14|28|28|2013-03-26 20:01:29.199587 
grinderPercentage|16.50|28.00|28.00|2013-03-26 20:01:31.924661 
grinderPercentage|19.00|28.00|28.00|2013-03-26 20:01:34.235034 
noCanister|2013-03-26 20:01:35.517629 
grinderCanister|2013-03-26 20:01:37.734141 
grinderPercentage|19.00|28.00|30.50|2013-03-26 20:01:41.069184 
grinderPercentage|19.00|28.00|33.00|2013-03-26 20:01:42.077002 
grinderPercentage|19.00|28.00|35.50|2013-03-26 20:01:42.982446 
grinderPercentage|19.00|28.00|38.00|2013-03-26 20:01:43.884537 
grinderPercentage|19.00|28.00|40.50|2013-03-26 20:01:45.190878 
grinderPercentage|19.00|28.00|43.00|2013-03-26 20:01:47.100212 
grinderPercentage|19.00|28.00|45.50|2013-03-26 20:01:47.706723 
noCanister|2013-03-26 20:01:48.382575 
grinderCanister|2013-03-26 20:01:49.497127 
grinderPercentage|19.00|30.50|45.50|2013-03-26 20:01:52.529121 
grinderPercentage|19.00|33.00|45.50|2013-03-26 20:01:53.836010 
grinderPercentage|19.00|35.50|45.50|2013-03-26 20:01:54.942193 
